21:00:36 DEBUG : Logs will be stored at 'K:/KV260/workspace_3/IDE.log'.
21:00:38 INFO  : Launching XSCT server: xsct.bat -n  -interactive K:\KV260\workspace_3\temp_xsdb_launch_script.tcl
21:00:38 INFO  : Registering command handlers for Vitis TCF services
21:00:39 INFO  : Platform repository initialization has completed.
21:00:40 INFO  : XSCT server has started successfully.
21:00:41 INFO  : Successfully done setting XSCT server connection channel  
21:00:41 INFO  : plnx-install-location is set to ''
21:00:41 INFO  : Successfully done query RDI_DATADIR 
21:00:41 INFO  : Successfully done setting workspace for the tool. 
21:02:15 INFO  : Result from executing command 'getProjects': kv260_video_wrapper
21:02:15 INFO  : Result from executing command 'getPlatforms': xilinx_vck190_base_202210_1|C:/Xilinx/Vitis/2022.1/base_platforms/xilinx_vck190_base_202210_1/xilinx_vck190_base_202210_1.xpfm;xilinx_vck190_base_dfx_202210_1|C:/Xilinx/Vitis/2022.1/base_platforms/xilinx_vck190_base_dfx_202210_1/xilinx_vck190_base_dfx_202210_1.xpfm;xilinx_vmk180_base_202210_1|C:/Xilinx/Vitis/2022.1/base_platforms/xilinx_vmk180_base_202210_1/xilinx_vmk180_base_202210_1.xpfm;xilinx_zcu102_base_202210_1|C:/Xilinx/Vitis/2022.1/base_platforms/xilinx_zcu102_base_202210_1/xilinx_zcu102_base_202210_1.xpfm;xilinx_zcu102_base_dfx_202210_1|C:/Xilinx/Vitis/2022.1/base_platforms/xilinx_zcu102_base_dfx_202210_1/xilinx_zcu102_base_dfx_202210_1.xpfm;xilinx_zcu104_base_202210_1|C:/Xilinx/Vitis/2022.1/base_platforms/xilinx_zcu104_base_202210_1/xilinx_zcu104_base_202210_1.xpfm
21:02:15 WARN  : An unexpected exception occurred in the module 'platform project logging'
21:02:16 INFO  : Platform 'kv260_video_wrapper' is added to custom repositories.
21:02:26 INFO  : Platform 'kv260_video_wrapper' is added to custom repositories.
21:05:23 INFO  : Result from executing command 'getProjects': kv260_video_wrapper
21:05:23 INFO  : Result from executing command 'getPlatforms': kv260_video_wrapper|K:/KV260/workspace_3/kv260_video_wrapper/export/kv260_video_wrapper/kv260_video_wrapper.xpfm;xilinx_vck190_base_202210_1|C:/Xilinx/Vitis/2022.1/base_platforms/xilinx_vck190_base_202210_1/xilinx_vck190_base_202210_1.xpfm;xilinx_vck190_base_dfx_202210_1|C:/Xilinx/Vitis/2022.1/base_platforms/xilinx_vck190_base_dfx_202210_1/xilinx_vck190_base_dfx_202210_1.xpfm;xilinx_vmk180_base_202210_1|C:/Xilinx/Vitis/2022.1/base_platforms/xilinx_vmk180_base_202210_1/xilinx_vmk180_base_202210_1.xpfm;xilinx_zcu102_base_202210_1|C:/Xilinx/Vitis/2022.1/base_platforms/xilinx_zcu102_base_202210_1/xilinx_zcu102_base_202210_1.xpfm;xilinx_zcu102_base_dfx_202210_1|C:/Xilinx/Vitis/2022.1/base_platforms/xilinx_zcu102_base_dfx_202210_1/xilinx_zcu102_base_dfx_202210_1.xpfm;xilinx_zcu104_base_202210_1|C:/Xilinx/Vitis/2022.1/base_platforms/xilinx_zcu104_base_202210_1/xilinx_zcu104_base_202210_1.xpfm
21:05:24 INFO  : Checking for BSP changes to sync application flags for project 'camera'...
21:05:44 INFO  : Checking for BSP changes to sync application flags for project 'camera'...
21:05:54 INFO  : Checking for BSP changes to sync application flags for project 'camera'...
21:06:23 INFO  : Checking for BSP changes to sync application flags for project 'camera'...
21:06:35 INFO  : Checking for BSP changes to sync application flags for project 'camera'...
21:07:03 INFO  : Checking for BSP changes to sync application flags for project 'camera'...
21:07:09 INFO  : Checking for BSP changes to sync application flags for project 'camera'...
21:07:31 INFO  : Checking for BSP changes to sync application flags for project 'camera'...
21:07:35 INFO  : Checking for BSP changes to sync application flags for project 'camera'...
21:07:42 INFO  : Inferring section assignments and sizes from elf file: K:\KV260\workspace_3\camera\Debug\camera.elf
21:07:48 INFO  : Successfully generated K:\KV260\workspace_3\camera\src\lscript.ld.
21:07:48 INFO  : Applying linker script to all configurations of project camera.
21:07:48 INFO  : Setting rebuild state to true for all configurations of project camera.
21:07:53 INFO  : Checking for BSP changes to sync application flags for project 'camera'...
21:07:59 INFO  : Checking for BSP changes to sync application flags for project 'camera'...
21:08:07 INFO  : Generated template bif file for camera_system
21:08:22 INFO  : Invoking Bootgen: bootgen -image camera_system.bif -arch zynqmp -o K:/KV260/workspace_3/camera_system/_ide/bootimage/BOOT.bin
21:08:23 INFO  : Bootgen command execution is done.
21:11:54 INFO  : Checking for BSP changes to sync application flags for project 'camera'...
21:12:28 INFO  : Checking for BSP changes to sync application flags for project 'camera'...
21:12:35 INFO  : Checking for BSP changes to sync application flags for project 'camera'...
21:12:38 INFO  : Checking for BSP changes to sync application flags for project 'camera'...
21:12:49 INFO  : Invoking Bootgen: bootgen -image camera_system.bif -arch zynqmp -o K:/KV260/workspace_3/camera_system/_ide/bootimage/BOOT.bin -w on
21:12:51 INFO  : Bootgen command execution is done.
21:13:14 INFO  : Invoking Bootgen: bootgen -image camera_system.bif -arch zynqmp -o K:/KV260/workspace_3/camera_system/_ide/bootimage/BOOT.bin -w on
21:13:16 INFO  : Bootgen command execution is done.
21:19:19 INFO  : Checking for BSP changes to sync application flags for project 'camera'...
21:19:33 INFO  : Checking for BSP changes to sync application flags for project 'camera'...
21:19:37 INFO  : Checking for BSP changes to sync application flags for project 'camera'...
21:19:49 INFO  : Invoking Bootgen: bootgen -image camera_system.bif -arch zynqmp -o K:/KV260/workspace_3/camera_system/_ide/bootimage/BOOT.bin -w on
21:19:51 INFO  : Bootgen command execution is done.
21:24:51 INFO  : Checking for BSP changes to sync application flags for project 'camera'...
21:25:29 INFO  : Checking for BSP changes to sync application flags for project 'camera'...
21:25:33 INFO  : Checking for BSP changes to sync application flags for project 'camera'...
21:25:39 INFO  : Inferring section assignments and sizes from elf file: K:\KV260\workspace_3\camera\Debug\camera.elf
21:25:42 INFO  : Successfully generated K:\KV260\workspace_3\camera\src\lscript.ld.
21:25:42 INFO  : Applying linker script to all configurations of project camera.
21:25:42 INFO  : Setting rebuild state to true for all configurations of project camera.
21:26:53 INFO  : Checking for BSP changes to sync application flags for project 'camera'...
21:26:59 INFO  : Checking for BSP changes to sync application flags for project 'camera'...
21:27:15 INFO  : Invoking Bootgen: bootgen -image camera_system.bif -arch zynqmp -o K:/KV260/workspace_3/camera_system/_ide/bootimage/BOOT.bin -w on
21:27:17 INFO  : Bootgen command execution is done.
21:31:16 INFO  : Checking for BSP changes to sync application flags for project 'camera'...
21:31:20 INFO  : Checking for BSP changes to sync application flags for project 'camera'...
21:31:31 INFO  : Invoking Bootgen: bootgen -image camera_system.bif -arch zynqmp -o K:/KV260/workspace_3/camera_system/_ide/bootimage/BOOT.bin -w on
21:31:33 INFO  : Bootgen command execution is done.
22:55:09 INFO  : Checking for BSP changes to sync application flags for project 'camera'...
22:55:36 INFO  : Checking for BSP changes to sync application flags for project 'camera'...
22:55:46 INFO  : Checking for BSP changes to sync application flags for project 'camera'...
23:00:02 INFO  : Checking for BSP changes to sync application flags for project 'camera'...
23:46:57 INFO  : Checking for BSP changes to sync application flags for project 'camera'...
23:47:03 INFO  : Checking for BSP changes to sync application flags for project 'camera'...
23:48:13 INFO  : Checking for BSP changes to sync application flags for project 'camera'...
23:48:20 INFO  : Checking for BSP changes to sync application flags for project 'camera'...
23:48:38 INFO  : Checking for BSP changes to sync application flags for project 'camera'...
23:49:32 INFO  : Checking for BSP changes to sync application flags for project 'camera'...
23:50:15 INFO  : Checking for BSP changes to sync application flags for project 'camera'...
23:50:42 INFO  : Checking for BSP changes to sync application flags for project 'camera'...
23:51:18 INFO  : Checking for BSP changes to sync application flags for project 'camera'...
23:51:52 INFO  : Checking for BSP changes to sync application flags for project 'camera'...
23:51:55 INFO  : Checking for BSP changes to sync application flags for project 'camera'...
23:52:06 INFO  : Invoking Bootgen: bootgen -image camera_system.bif -arch zynqmp -o K:/KV260/workspace_3/camera_system/_ide/bootimage/BOOT.bin -w on
23:52:08 INFO  : Bootgen command execution is done.
23:52:15 INFO  : Checking for BSP changes to sync application flags for project 'camera'...
23:52:25 INFO  : Invoking Bootgen: bootgen -image camera_system.bif -arch zynqmp -o K:/KV260/workspace_3/camera_system/_ide/bootimage/BOOT.bin -w on
23:52:26 INFO  : Bootgen command execution is done.
00:04:43 INFO  : Checking for BSP changes to sync application flags for project 'camera'...
00:04:46 INFO  : Checking for BSP changes to sync application flags for project 'camera'...
00:04:56 INFO  : Invoking Bootgen: bootgen -image camera_system.bif -arch zynqmp -o K:/KV260/workspace_3/camera_system/_ide/bootimage/BOOT.bin -w on
00:04:58 INFO  : Bootgen command execution is done.
00:05:25 INFO  : Invoking Bootgen: bootgen -image camera_system.bif -arch zynqmp -o K:/KV260/workspace_3/camera_system/_ide/bootimage/BOOT.bin -w on
00:05:26 INFO  : Bootgen command execution is done.
00:07:25 INFO  : Checking for BSP changes to sync application flags for project 'camera'...
00:07:46 INFO  : Checking for BSP changes to sync application flags for project 'camera'...
00:07:51 INFO  : Invoking Bootgen: bootgen -image camera_system.bif -arch zynqmp -o K:/KV260/workspace_3/camera_system/_ide/bootimage/BOOT.bin -w on
00:07:53 INFO  : Bootgen command execution is done.
00:15:01 INFO  : Checking for BSP changes to sync application flags for project 'camera'...
00:15:26 INFO  : Checking for BSP changes to sync application flags for project 'camera'...
00:16:30 INFO  : Checking for BSP changes to sync application flags for project 'camera'...
00:17:09 INFO  : Checking for BSP changes to sync application flags for project 'camera'...
00:17:21 INFO  : Checking for BSP changes to sync application flags for project 'camera'...
00:17:38 INFO  : Checking for BSP changes to sync application flags for project 'camera'...
00:17:54 INFO  : Checking for BSP changes to sync application flags for project 'camera'...
00:17:59 INFO  : Checking for BSP changes to sync application flags for project 'camera'...
00:18:16 INFO  : Checking for BSP changes to sync application flags for project 'camera'...
00:18:44 INFO  : Checking for BSP changes to sync application flags for project 'camera'...
00:18:51 INFO  : Checking for BSP changes to sync application flags for project 'camera'...
00:19:36 INFO  : Checking for BSP changes to sync application flags for project 'camera'...
00:19:40 INFO  : Checking for BSP changes to sync application flags for project 'camera'...
00:20:09 INFO  : Checking for BSP changes to sync application flags for project 'camera'...
00:20:15 INFO  : Checking for BSP changes to sync application flags for project 'camera'...
00:20:44 INFO  : Checking for BSP changes to sync application flags for project 'camera'...
00:20:57 INFO  : Invoking Bootgen: bootgen -image camera_system.bif -arch zynqmp -o K:/KV260/workspace_3/camera_system/_ide/bootimage/BOOT.bin -w on
00:20:59 INFO  : Bootgen command execution is done.
